This is pdfTeX, Version 3.1415926-2.5-1.40.14 (MiKTeX 2.9) (preloaded format=pdftex 2014.12.2)  3 DEC 2014 11:06
entering extended mode
**C:/Users/ben/git/CSI5183_F2014/CSI5183/Files/Paper/Paper/RRASR-CEC-References
2.bib

(C:/Users/ben/git/CSI5183_F2014/CSI5183/Files/Paper/Paper/RRASR-CEC-References2
.bib
Overfull \hbox (22.7599pt too wide) in paragraph at lines 1--9
[]\tenrm @inproceedingsgoldberg1985alleles, ti-tle=Alleles, loci, and the trav-
el-ing sales-man prob-lem, au-thor=Goldberg,|

\hbox(6.94444+1.94444)x469.75499, glue set - 1.0
.\hbox(0.0+0.0)x20.0
.\tenrm @
.\tenrm i
.\tenrm n
.\tenrm p
.etc.


Overfull \hbox (21.7738pt too wide) in paragraph at lines 21--27
[]\tenrm @misczitzler2001spea2, ti-tle=SPEA2: Im-prov-ing the strength Pareto e
vo-lu-tion-ary al-go-rithm, au-thor=Zitzler,|

\hbox(6.94444+1.94444)x469.75499, glue set - 1.0
.\hbox(0.0+0.0)x20.0
.\tenrm @
.\tenrm m
.\tenrm i
.\tenrm s
.etc.


Overfull \hbox (18.05145pt too wide) in paragraph at lines 28--36
[]\tenrm @inproceedingszitzler2004indicator, title=Indicator-based se-lec-tion 
in mul-ti-ob-jec-tive search, au-thor=Zitzler,|

\hbox(6.94444+1.94444)x469.75499, glue set - 1.0
.\hbox(0.0+0.0)x20.0
.\tenrm @
.\tenrm i
.\tenrm n
.\tenrm p
.etc.


Overfull \hbox (55.9951pt too wide) in paragraph at lines 37--49
\tenrm methods;NSGA-II framework;NSGA-III;box con-straints;evolutionary many-ob
jective op-ti-miza-tion al-go-rithm;evolutionary|

\hbox(6.94444+1.94444)x469.75499, glue set - 1.0
.\tenrm m
.\tenrm e
.\tenrm t
.\tenrm h
.\tenrm o
.etc.


Overfull \hbox (36.99603pt too wide) in paragraph at lines 37--49
\tenrm mul-ti-ob-jec-tive op-ti-miza-tion algorithms;many-objective op-ti-miza-
tion problems;many-objective test prob-lems;reference|

\hbox(6.94444+1.94444)x469.75499, glue set - 1.0
.\tenrm m
.\kern-0.27779
.\tenrm u
.\tenrm l
.\discretionary
..\tenrm -
.etc.


Overfull \hbox (3.99594pt too wide) in paragraph at lines 37--49
\tenrm points;reference-point-based many-objective evo-lu-tion-ary algorithm;re
ference-point-based non-dom-i-nated sort-|

\hbox(6.94444+1.94444)x469.75499, glue set - 1.0
.\tenrm p
.\kern0.27779
.\tenrm o
.\tenrm i
.\tenrm n
.etc.


Overfull \hbox (148.38533pt too wide) in paragraph at lines 37--49
\tenrm ing ap-proach;unconstrained prob-lems;Educational in-sti-tu-tions;Measur
ement;Optimization;Sociology;Statistics;Vectors;Zirconium;Evolutionary|

\hbox(6.94444+1.94444)x469.75499, glue set - 1.0
.\tenrm i
.\tenrm n
.\tenrm g
.\glue 3.33333 plus 1.66666 minus 1.11111
.\tenrm a
.etc.


Overfull \hbox (11.81557pt too wide) in paragraph at lines 37--49
\tenrm computation;Many-objective optimization;NSGA-III;evolutionary com-pu-ta-
tion;large dimension;many-objective|

\hbox(6.94444+1.94444)x469.75499, glue set - 1.0
.\tenrm c
.\tenrm o
.\tenrm m
.\tenrm p
.\tenrm u
.etc.


Overfull \hbox (13.94049pt too wide) in paragraph at lines 50--60
[]\tenrm @articleknowles2000approximating, ti-tle=Approximating the non-dom-i-n
ated front us-ing the Pareto archived|

\hbox(6.94444+1.94444)x469.75499, glue set - 1.0
.\hbox(0.0+0.0)x20.0
.\tenrm @
.\tenrm a
.\tenrm r
.\tenrm t
.etc.


Overfull \hbox (41.46825pt too wide) in paragraph at lines 108--117
\tenrm liv-ery and se-lec-tive pick-ups;semigreedy so-lu-tions;Analysis of vari
-ance;Context;Hybrid in-tel-li-gent sys-tems;Mathematical|

\hbox(6.94444+1.94444)x469.75499, glue set - 1.0
.\tenrm l
.\tenrm i
.\discretionary replacing 2
..\tenrm v
..\tenrm -
.\tenrm v
.\kern-0.27779
.etc.


Overfull \hbox (32.74625pt too wide) in paragraph at lines 108--117
\tenrm model;Routing;Vehicles;combinatorial op-ti-miza-tion;hybrid meth-ods;veh
icle rout-ing, doi=10.1109/HIS.2012.6421345, |

\hbox(7.5+2.5)x469.75499, glue set - 1.0
.\tenrm m
.\tenrm o
.\kern0.27779
.\tenrm d
.\tenrm e
.etc.

[1{C:/ProgramData/MiKTeX/2.9/pdftex/config/pdftex.map}]
Overfull \hbox (25.41277pt too wide) in paragraph at lines 152--160
[]\tenrm @incollectionmagklara2013node, ti-tle=Node dis-cov-ery and re-place-me
nt us-ing mo-bile robot, au-thor=Magklara,|

\hbox(6.94444+1.94444)x469.75499, glue set - 1.0
.\hbox(0.0+0.0)x20.0
.\tenrm @
.\tenrm i
.\tenrm n
.\tenrm c
.etc.


Overfull \hbox (5.7737pt too wide) in paragraph at lines 202--210
[]\tenrm @inproceedingsfalcon2010one, ti-tle=The one-commodity trav-el-ing sale
s-man prob-lem with se-lec-tive pickup|

\hbox(6.94444+1.94444)x469.75499, glue set - 1.0
.\hbox(0.0+0.0)x20.0
.\tenrm @
.\tenrm i
.\tenrm n
.\tenrm p
.etc.

)
*
! Emergency stop.
<*> ...Files/Paper/Paper/RRASR-CEC-References2.bib
                                                  
End of file on the terminal!

!  ==> Fatal error occurred, no output PDF file produced!
